<?xml version="1.0" encoding="UTF-8"?>
<testsuite name="com.kodilla.testing.library.BookDirectoryTestSuite$TestBooksWithConditions" tests="3" skipped="0" failures="0" errors="0" timestamp="2020-12-16T07:45:57" hostname="DESKTOP-0SJISNL" time="0.021">
  <properties/>
  <testcase name="testListBooksWithConditionFragmentShorterThan3()" classname="com.kodilla.testing.library.BookDirectoryTestSuite$TestBooksWithConditions" time="0.012"/>
  <testcase name="testListBooksWithConditionMoreThan20()" classname="com.kodilla.testing.library.BookDirectoryTestSuite$TestBooksWithConditions" time="0.006"/>
  <testcase name="testListBooksWithConditionsReturnList()" classname="com.kodilla.testing.library.BookDirectoryTestSuite$TestBooksWithConditions" time="0.001"/>
  <system-out><![CDATA[]]></system-out>
  <system-err><![CDATA[]]></system-err>
</testsuite>
