<?xml version="1.0" encoding="UTF-8"?>
<testsuite name="com.kodilla.testing.forum.ForumTestSuite$TestPosts" tests="4" skipped="0" failures="0" errors="0" timestamp="2020-12-16T07:45:56" hostname="DESKTOP-0SJISNL" time="0.005">
  <properties/>
  <testcase name="testRemovePostNotExisting()" classname="com.kodilla.testing.forum.ForumTestSuite$TestPosts" time="0.001"/>
  <testcase name="testAddPost()" classname="com.kodilla.testing.forum.ForumTestSuite$TestPosts" time="0.001"/>
  <testcase name="testGetPost()" classname="com.kodilla.testing.forum.ForumTestSuite$TestPosts" time="0.001"/>
  <testcase name="testRemovePost()" classname="com.kodilla.testing.forum.ForumTestSuite$TestPosts" time="0.001"/>
  <system-out><![CDATA[Preparing to execute test #5
Preparing to execute test #6
Preparing to execute test #7
Preparing to execute test #8
]]></system-out>
  <system-err><![CDATA[]]></system-err>
</testsuite>
