<?xml version="1.0" encoding="UTF-8"?>
<testsuite name="com.kodilla.testing.forum.ForumTestSuite$TestComments" tests="4" skipped="0" failures="0" errors="0" timestamp="2020-12-16T07:45:56" hostname="DESKTOP-0SJISNL" time="0.012">
  <properties/>
  <testcase name="testRemoveCommentNotExisting()" classname="com.kodilla.testing.forum.ForumTestSuite$TestComments" time="0.005"/>
  <testcase name="testRemoveComment()" classname="com.kodilla.testing.forum.ForumTestSuite$TestComments" time="0.002"/>
  <testcase name="testGetComment()" classname="com.kodilla.testing.forum.ForumTestSuite$TestComments" time="0.002"/>
  <testcase name="testAddComment()" classname="com.kodilla.testing.forum.ForumTestSuite$TestComments" time="0.001"/>
  <system-out><![CDATA[Preparing to execute test #1
Preparing to execute test #2
Preparing to execute test #3
Preparing to execute test #4
]]></system-out>
  <system-err><![CDATA[]]></system-err>
</testsuite>
