<?xml version="1.0" encoding="UTF-8"?>
<testsuite name="com.kodilla.testing.weather.mock.WeatherForecastTestSuite" tests="3" skipped="0" failures="0" errors="0" timestamp="2020-12-16T07:45:57" hostname="DESKTOP-0SJISNL" time="0.016">
  <properties/>
  <testcase name="testCalculateMedianTemperature()" classname="com.kodilla.testing.weather.mock.WeatherForecastTestSuite" time="0.013"/>
  <testcase name="testCalculateAverageTemperature()" classname="com.kodilla.testing.weather.mock.WeatherForecastTestSuite" time="0.002"/>
  <testcase name="testCalculateForecastWithMock()" classname="com.kodilla.testing.weather.mock.WeatherForecastTestSuite" time="0.001"/>
  <system-out><![CDATA[]]></system-out>
  <system-err><![CDATA[]]></system-err>
</testsuite>
