<?xml version="1.0" encoding="UTF-8"?>
<testsuite name="com.kodilla.testing.shape.ShapeCollectorTestSuite$TestRemoving" tests="2" skipped="0" failures="0" errors="0" timestamp="2020-12-16T07:45:57" hostname="DESKTOP-0SJISNL" time="0.002">
  <properties/>
  <testcase name="testRemoveShapeNotExisting()" classname="com.kodilla.testing.shape.ShapeCollectorTestSuite$TestRemoving" time="0.001"/>
  <testcase name="testRemoveShape()" classname="com.kodilla.testing.shape.ShapeCollectorTestSuite$TestRemoving" time="0.0"/>
  <system-out><![CDATA[]]></system-out>
  <system-err><![CDATA[]]></system-err>
</testsuite>
